[0907/130828.658:ERROR:process_reader_win.cc(151)] SuspendThread: Access is denied. (0x5)
[0907/130828.659:ERROR:process_reader_win.cc(151)] SuspendThread: Access is denied. (0x5)
[0907/130828.659:ERROR:process_reader_win.cc(151)] SuspendThread: Access is denied. (0x5)
[0907/130828.659:ERROR:process_reader_win.cc(151)] SuspendThread: Access is denied. (0x5)
[0907/130828.659:ERROR:process_reader_win.cc(151)] SuspendThread: Access is denied. (0x5)
[0907/130828.660:ERROR:process_reader_win.cc(151)] SuspendThread: Access is denied. (0x5)
[0907/130828.660:ERROR:process_reader_win.cc(151)] SuspendThread: Access is denied. (0x5)
[0907/130828.660:ERROR:process_reader_win.cc(151)] SuspendThread: Access is denied. (0x5)
[0907/130828.661:ERROR:exception_snapshot_win.cc(87)] thread ID 8544 not found in process
[0907/130828.661:WARNING:crash_report_exception_handler.cc(62)] ProcessSnapshotWin::Initialize failed
[0911/093635.428:ERROR:process_reader_win.cc(151)] SuspendThread: Access is denied. (0x5)
[0911/093635.429:ERROR:exception_snapshot_win.cc(87)] thread ID 10612 not found in process
[0911/093635.429:WARNING:crash_report_exception_handler.cc(62)] ProcessSnapshotWin::Initialize failed
[0911/094210.515:ERROR:process_info.cc(350)] VirtualQueryEx: Access is denied. (0x5)
[0911/094210.515:ERROR:process_info.cc(571)] ReadMemoryInfo failed
[0911/094210.515:ERROR:process_reader_win.cc(151)] SuspendThread: Access is denied. (0x5)
[0911/094210.515:ERROR:exception_snapshot_win.cc(87)] thread ID 8440 not found in process
[0911/094210.515:WARNING:crash_report_exception_handler.cc(62)] ProcessSnapshotWin::Initialize failed
[0911/094210.515:ERROR:scoped_process_suspend.cc(39)] NtResumeProcess: An attempt was made to access an exiting process.  (0xc000010a)
[0911/094214.617:ERROR:process_info.cc(350)] VirtualQueryEx: Access is denied. (0x5)
[0911/094214.617:ERROR:process_info.cc(571)] ReadMemoryInfo failed
[0911/094214.617:ERROR:process_reader_win.cc(151)] SuspendThread: Access is denied. (0x5)
[0911/094214.617:ERROR:exception_snapshot_win.cc(87)] thread ID 10744 not found in process
[0911/094214.617:WARNING:crash_report_exception_handler.cc(62)] ProcessSnapshotWin::Initialize failed
[0911/094214.617:ERROR:scoped_process_suspend.cc(39)] NtResumeProcess: An attempt was made to access an exiting process.  (0xc000010a)
[0911/094341.983:ERROR:process_reader_win.cc(151)] SuspendThread: Access is denied. (0x5)
[0911/094341.983:ERROR:exception_snapshot_win.cc(87)] thread ID 3236 not found in process
[0911/094341.983:WARNING:crash_report_exception_handler.cc(62)] ProcessSnapshotWin::Initialize failed
[0911/094349.635:ERROR:process_reader_win.cc(151)] SuspendThread: Access is denied. (0x5)
[0911/094349.635:ERROR:process_reader_win.cc(151)] SuspendThread: Access is denied. (0x5)
[0911/094349.635:ERROR:process_reader_win.cc(151)] SuspendThread: Access is denied. (0x5)
[0911/094349.635:ERROR:process_reader_win.cc(151)] SuspendThread: Access is denied. (0x5)
[0911/094349.635:ERROR:process_reader_win.cc(151)] SuspendThread: Access is denied. (0x5)
[0911/094349.635:ERROR:process_reader_win.cc(151)] SuspendThread: Access is denied. (0x5)
[0911/094349.635:ERROR:process_reader_win.cc(151)] SuspendThread: Access is denied. (0x5)
[0911/094349.635:ERROR:exception_snapshot_win.cc(87)] thread ID 9860 not found in process
[0911/094349.635:WARNING:crash_report_exception_handler.cc(62)] ProcessSnapshotWin::Initialize failed
[0911/095123.468:ERROR:process_reader_win.cc(151)] SuspendThread: Access is denied. (0x5)
[0911/095123.468:ERROR:exception_snapshot_win.cc(87)] thread ID 6464 not found in process
[0911/095123.468:WARNING:crash_report_exception_handler.cc(62)] ProcessSnapshotWin::Initialize failed
[0911/100025.454:ERROR:process_info.cc(632)] range at 0xf31d4d7200000000, size 0x202 fully unreadable
[0911/100025.458:ERROR:process_info.cc(632)] range at 0xf31d4dd200000000, size 0x202 fully unreadable
[0911/100025.458:ERROR:process_info.cc(632)] range at 0x0, size 0x202 fully unreadable
[0911/100025.502:ERROR:process_reader_win.cc(242)] ReadMemory at 0xb46e5ef000 of 69632 bytes failed: Only part of a ReadProcessMemory or WriteProcessMemory request was completed. (0x12B)
[0911/100025.502:ERROR:crash_report_exception_handler.cc(116)] WriteEverything failed
[0911/100025.502:ERROR:scoped_process_suspend.cc(39)] NtResumeProcess: An attempt was made to access an exiting process.  (0xc000010a)
[0911/100029.375:ERROR:process_reader_win.cc(151)] SuspendThread: Access is denied. (0x5)
[0911/100029.375:ERROR:exception_snapshot_win.cc(87)] thread ID 8140 not found in process
[0911/100029.375:WARNING:crash_report_exception_handler.cc(62)] ProcessSnapshotWin::Initialize failed
